<?xml version="1.0" encoding="UTF-8"?>
<robot generator="Robot 6.1.1 (Python 3.11.0 on win32)" generated="20240906 12:54:56.240" rpa="false" schemaversion="4">
<suite id="s1" name="API Testing" source="C:\Users\jonathan.connor\PycharmProjects\APITesting\Robot_Tests">
<suite id="s1-s1" name="Open Page" source="C:\Users\jonathan.connor\PycharmProjects\APITesting\Robot_Tests\open_page.robot">
<test id="s1-s1-t1" name="Open the Browser and navigate to the homepage" line="7">
<kw name="Log To Console" library="BuiltIn">
<arg>WE ARE IN HERE</arg>
<doc>Logs the given message to the console.</doc>
<msg timestamp="20240906 12:54:56.413" level="TRACE">Arguments: [ 'WE ARE IN HERE' ]</msg>
<msg timestamp="20240906 12:54:56.413" level="TRACE">Return: None</msg>
<status status="PASS" starttime="20240906 12:54:56.413" endtime="20240906 12:54:56.413"/>
</kw>
<doc>Opens the browser and navigates to the homepage</doc>
<status status="PASS" starttime="20240906 12:54:56.413" endtime="20240906 12:54:56.413"/>
</test>
<doc>Navigate to the homepage</doc>
<status status="PASS" starttime="20240906 12:54:56.261" endtime="20240906 12:54:56.972"/>
</suite>
<status status="PASS" starttime="20240906 12:54:56.249" endtime="20240906 12:54:56.995"/>
</suite>
<statistics>
<total>
<stat pass="1" fail="0" skip="0">All Tests</stat>
</total>
<tag>
</tag>
<suite>
<stat pass="1" fail="0" skip="0" id="s1" name="API Testing">API Testing</stat>
<stat pass="1" fail="0" skip="0" id="s1-s1" name="Open Page">API Testing.Open Page</stat>
</suite>
</statistics>
<errors>
<msg timestamp="20240906 12:54:56.245" level="ERROR">Taking listener 'time_logger.py' into use failed: Importing listener 'time_logger.py' failed: ModuleNotFoundError: No module named 'time_logger'
Traceback (most recent call last):
  None
PYTHONPATH:
  C:\Users\jonathan.connor\AppData\Local\Programs\Python\Python311\Scripts\robot.exe
  C:\Users\jonathan.connor\AppData\Local\Programs\Python\Python311\python311.zip
  C:\Users\jonathan.connor\AppData\Local\Programs\Python\Python311\Lib
  C:\Users\jonathan.connor\AppData\Local\Programs\Python\Python311\DLLs
  C:\Users\jonathan.connor\AppData\Roaming\Python\Python311\site-packages
  C:\Users\jonathan.connor\AppData\Local\Programs\Python\Python311
  C:\Users\jonathan.connor\AppData\Local\Programs\Python\Python311\Lib\site-packages
  C:\Users\jonathan.connor\AppData\Local\Programs\Python\Python311\Lib\site-packages\win32
  C:\Users\jonathan.connor\AppData\Local\Programs\Python\Python311\Lib\site-packages\win32\lib
  C:\Users\jonathan.connor\AppData\Local\Programs\Python\Python311\Lib\site-packages\Pythonwin</msg>
</errors>
</robot>
