<?xml version="1.0" encoding="UTF-8"?>
<testsuite name="API Testing" tests="5" errors="0" failures="0" skipped="0" time="17.396" timestamp="2024-09-07T15:39:54.724057">
<testsuite name="GET Method" tests="5" errors="0" failures="0" skipped="0" time="17.256" timestamp="2024-09-07T15:39:54.806620">
<testcase classname="API Testing.GET Method" name="Create a valid booking in the system" time="1.434">
</testcase>
<testcase classname="API Testing.GET Method" name="Confirm the details in a booking by ID" time="1.987">
</testcase>
<testcase classname="API Testing.GET Method" name="Change all the details in a Booking with an ID" time="3.958">
</testcase>
<testcase classname="API Testing.GET Method" name="Change some of the details in a Booking with an ID" time="4.050">
</testcase>
<testcase classname="API Testing.GET Method" name="Delete a booking using the ID" time="2.953">
</testcase>
<properties>
<property name="Documentation" value="API Practice Tests"/>
</properties>
</testsuite>
</testsuite>
